<?xml version="1.0" encoding="UTF-8"?>
<testsuite xmlns:xsi="http://www.w3.org/2001/XMLSchema-instance" xsi:noNamespaceSchemaLocation="https://maven.apache.org/surefire/maven-surefire-plugin/xsd/surefire-test-report-3.0.xsd" version="3.0" name="TestSuite" time="23.097" tests="11" errors="0" skipped="0" failures="1">
  <properties>
[...]
</properties>
  <testcase name="addProductTest" classname="com.practice.testng.TestNGDemo1" time="0.003"/>
  <testcase name="verifyAllLinksTest" classname="com.practice.testng.TestNGDemo1" time="0.001"/>
  <testcase name="verifyCategoriesLinkTest" classname="com.practice.testng.TestNGDemo1" time="0.003">
    <failure message="expected [9] but found [10]" type="java.lang.AssertionError"><![CDATA[java.lang.AssertionError: expected [9] but found [10]
	at com.practice.testng.TestNGDemo1.verifyCategoriesLinkTest(TestNGDemo1.java:27)
]]></failure>
    <system-out><![CDATA[this method will run after each test
BeforeMethod will run before every test
verify link test
]]></system-out>
  </testcase>
  <testcase name="googleSearchTcest" classname="com.practice.testng.TestNGDemo5" time="2.549"/>
  <testcase name="googleSearchTcest" classname="com.practice.testng.TestNGDemo5" time="1.463"/>
  <testcase name="googleSearchTcest" classname="com.practice.testng.TestNGDemo5" time="1.56"/>
  <testcase name="googleSearchTest" classname="com.practice.testng.TestNGDemo6" time="2.236"/>
  <testcase name="googleSearchTest" classname="com.practice.testng.TestNGDemo6" time="1.507"/>
  <testcase name="googleSearchTest" classname="com.practice.testng.TestNGDemo6" time="2.198"/>
  <testcase name="testC" classname="com.practice.testng.TestNGDemo2" time="0.003"/>
  <testcase name="testD" classname="com.practice.testng.TestNGDemo2" time="0.001"/>
</testsuite>